<?xml version="1.0" encoding="UTF-8"?>
<!-- Generated by org.testng.reporters.JUnitReportReporter -->
<testsuite hostname="DESKTOP-G6RM2CU" failures="0" tests="1" name="Tests.LoginTest" time="7.681" errors="0" timestamp="2025-07-19T21:42:34 IST" skipped="0">
  <testcase classname="Tests.LoginTest" name="testValidLogin" time="7.681"/>
</testsuite> <!-- Tests.LoginTest -->
